<?xml version="1.0" encoding="UTF-8"?>
<testsuites name="Mocha Tests" time="2.971" tests="2" failures="0">
  <testsuite name="Root Suite" timestamp="2025-07-28T13:00:49" tests="0" file="cypress/e2e/2-advanced-examples/aliasing.cy.js" time="0.000" failures="0">
  </testsuite>
  <testsuite name="Aliasing" timestamp="2025-07-28T13:00:49" tests="2" time="2.970" failures="0">
    <testcase name="Aliasing .as() - alias a DOM element for later use" time="0.425" classname=".as() - alias a DOM element for later use">
    </testcase>
    <testcase name="Aliasing .as() - alias a route for later use" time="1.114" classname=".as() - alias a route for later use">
    </testcase>
  </testsuite>
</testsuites>