<?xml version="1.0" encoding="UTF-8"?>
<testsuites name="Mocha Tests" time="2.873" tests="5" failures="0">
  <testsuite name="Root Suite" timestamp="2025-07-28T13:01:46" tests="0" file="cypress/e2e/2-advanced-examples/querying.cy.js" time="0.000" failures="0">
  </testsuite>
  <testsuite name="Querying" timestamp="2025-07-28T13:01:46" tests="5" time="2.871" failures="0">
    <testcase name="Querying cy.get() - query DOM elements" time="0.303" classname="cy.get() - query DOM elements">
    </testcase>
    <testcase name="Querying cy.contains() - query DOM elements with matching content" time="0.149" classname="cy.contains() - query DOM elements with matching content">
    </testcase>
    <testcase name="Querying .within() - query DOM elements within a specific element" time="0.119" classname=".within() - query DOM elements within a specific element">
    </testcase>
    <testcase name="Querying cy.root() - query the root DOM element" time="0.113" classname="cy.root() - query the root DOM element">
    </testcase>
    <testcase name="Querying best practices - selecting elements" time="0.664" classname="best practices - selecting elements">
    </testcase>
  </testsuite>
</testsuites>