<?xml version="1.0" encoding="UTF-8"?>
<testsuites name="Mocha Tests" time="4.528" tests="1" failures="0">
  <testsuite name="Root Suite" timestamp="2025-07-28T13:02:15" tests="0" file="cypress/e2e/2-advanced-examples/viewport.cy.js" time="0.000" failures="0">
  </testsuite>
  <testsuite name="Viewport" timestamp="2025-07-28T13:02:15" tests="1" time="4.526" failures="0">
    <testcase name="Viewport cy.viewport() - set the viewport size and dimension" time="2.868" classname="cy.viewport() - set the viewport size and dimension">
    </testcase>
  </testsuite>
</testsuites>