<?xml version="1.0" encoding="UTF-8"?>
<testsuites name="Mocha Tests" time="10.450" tests="5" failures="0">
  <testsuite name="Root Suite" timestamp="2025-07-28T12:57:50" tests="0" file="cypress/e2e/2-advanced-examples/misc.cy.js" time="0.000" failures="0">
  </testsuite>
  <testsuite name="Misc" timestamp="2025-07-28T12:57:50" tests="3" time="0.000" failures="0">
    <testcase name="Misc cy.exec() - execute a system command" time="5.016" classname="cy.exec() - execute a system command">
    </testcase>
    <testcase name="Misc cy.focused() - get the DOM element that has focus" time="0.327" classname="cy.focused() - get the DOM element that has focus">
    </testcase>
    <testcase name="Misc cy.wrap() - wrap an object" time="0.100" classname="cy.wrap() - wrap an object">
    </testcase>
  </testsuite>
  <testsuite name="Cypress.Screenshot" timestamp="2025-07-28T12:57:57" tests="2" time="3.260" failures="0">
    <testcase name="Misc Cypress.Screenshot cy.screenshot() - take a screenshot" time="3.092" classname="cy.screenshot() - take a screenshot">
    </testcase>
    <testcase name="Misc Cypress.Screenshot Cypress.Screenshot.defaults() - change default config of screenshots" time="0.112" classname="Cypress.Screenshot.defaults() - change default config of screenshots">
    </testcase>
  </testsuite>
</testsuites>