<?xml version="1.0" encoding="UTF-8"?>
<testsuites name="Mocha Tests" time="6.537" tests="2" failures="0">
  <testsuite name="Root Suite" timestamp="2025-07-28T12:58:47" tests="0" file="cypress/e2e/2-advanced-examples/waiting.cy.js" time="0.000" failures="0">
  </testsuite>
  <testsuite name="Waiting" timestamp="2025-07-28T12:58:47" tests="2" time="6.537" failures="0">
    <testcase name="Waiting cy.wait() - wait for a specific amount of time" time="4.627" classname="cy.wait() - wait for a specific amount of time">
    </testcase>
    <testcase name="Waiting cy.wait() - wait for a specific route" time="0.479" classname="cy.wait() - wait for a specific route">
    </testcase>
  </testsuite>
</testsuites>