<?xml version="1.0" encoding="UTF-8"?>
<testsuites name="Mocha Tests" time="3.043" tests="10" failures="0">
  <testsuite name="Root Suite" timestamp="2025-07-28T12:57:36" tests="0" file="cypress/e2e/2-advanced-examples/cypress_api.cy.js" time="0.000" failures="0">
  </testsuite>
  <testsuite name="Cypress APIs" timestamp="2025-07-28T12:57:36" tests="0" time="0.000" failures="0">
  </testsuite>
  <testsuite name="Cypress.Commands" timestamp="2025-07-28T12:57:36" tests="1" time="1.731" failures="0">
    <testcase name="Cypress APIs Cypress.Commands .add() - create a custom command" time="0.275" classname=".add() - create a custom command">
    </testcase>
  </testsuite>
  <testsuite name="Cypress.Cookies" timestamp="2025-07-28T12:57:37" tests="1" time="0.204" failures="0">
    <testcase name="Cypress APIs Cypress.Cookies .debug() - enable or disable debugging" time="0.179" classname=".debug() - enable or disable debugging">
    </testcase>
  </testsuite>
  <testsuite name="Cypress.arch" timestamp="2025-07-28T12:57:38" tests="1" time="0.147" failures="0">
    <testcase name="Cypress APIs Cypress.arch Get CPU architecture name of underlying OS" time="0.120" classname="Get CPU architecture name of underlying OS">
    </testcase>
  </testsuite>
  <testsuite name="Cypress.config()" timestamp="2025-07-28T12:57:38" tests="1" time="0.156" failures="0">
    <testcase name="Cypress APIs Cypress.config() Get and set configuration options" time="0.133" classname="Get and set configuration options">
    </testcase>
  </testsuite>
  <testsuite name="Cypress.dom" timestamp="2025-07-28T12:57:38" tests="1" time="0.146" failures="0">
    <testcase name="Cypress APIs Cypress.dom .isHidden() - determine if a DOM element is hidden" time="0.122" classname=".isHidden() - determine if a DOM element is hidden">
    </testcase>
  </testsuite>
  <testsuite name="Cypress.env()" timestamp="2025-07-28T12:57:38" tests="1" time="0.145" failures="0">
    <testcase name="Cypress APIs Cypress.env() Get environment variables" time="0.120" classname="Get environment variables">
    </testcase>
  </testsuite>
  <testsuite name="Cypress.log" timestamp="2025-07-28T12:57:38" tests="1" time="0.120" failures="0">
    <testcase name="Cypress APIs Cypress.log Control what is printed to the Command Log" time="0.099" classname="Control what is printed to the Command Log">
    </testcase>
  </testsuite>
  <testsuite name="Cypress.platform" timestamp="2025-07-28T12:57:38" tests="1" time="0.129" failures="0">
    <testcase name="Cypress APIs Cypress.platform Get underlying OS name" time="0.106" classname="Get underlying OS name">
    </testcase>
  </testsuite>
  <testsuite name="Cypress.version" timestamp="2025-07-28T12:57:38" tests="1" time="0.121" failures="0">
    <testcase name="Cypress APIs Cypress.version Get current version of Cypress being run" time="0.100" classname="Get current version of Cypress being run">
    </testcase>
  </testsuite>
  <testsuite name="Cypress.spec" timestamp="2025-07-28T12:57:39" tests="1" time="0.144" failures="0">
    <testcase name="Cypress APIs Cypress.spec Get current spec information" time="0.110" classname="Get current spec information">
    </testcase>
  </testsuite>
</testsuites>