<?xml version="1.0" encoding="UTF-8"?>
<testsuites name="Mocha Tests" time="2.933" tests="7" failures="0">
  <testsuite name="Root Suite" timestamp="2025-07-28T13:01:05" tests="0" file="cypress/e2e/2-advanced-examples/cookies.cy.js" time="0.000" failures="0">
  </testsuite>
  <testsuite name="Cookies" timestamp="2025-07-28T13:01:05" tests="7" time="2.932" failures="0">
    <testcase name="Cookies cy.getCookie() - get a browser cookie" time="0.367" classname="cy.getCookie() - get a browser cookie">
    </testcase>
    <testcase name="Cookies cy.getCookies() - get browser cookies for the current domain" time="0.225" classname="cy.getCookies() - get browser cookies for the current domain">
    </testcase>
    <testcase name="Cookies cy.getAllCookies() - get all browser cookies" time="0.152" classname="cy.getAllCookies() - get all browser cookies">
    </testcase>
    <testcase name="Cookies cy.setCookie() - set a browser cookie" time="0.139" classname="cy.setCookie() - set a browser cookie">
    </testcase>
    <testcase name="Cookies cy.clearCookie() - clear a browser cookie" time="0.212" classname="cy.clearCookie() - clear a browser cookie">
    </testcase>
    <testcase name="Cookies cy.clearCookies() - clear browser cookies for the current domain" time="0.210" classname="cy.clearCookies() - clear browser cookies for the current domain">
    </testcase>
    <testcase name="Cookies cy.clearAllCookies() - clear all browser cookies" time="0.139" classname="cy.clearAllCookies() - clear all browser cookies">
    </testcase>
  </testsuite>
</testsuites>