<?xml version="1.0" encoding="UTF-8"?>
<testsuites name="Mocha Tests" time="2.830" tests="10" failures="0">
  <testsuite name="Root Suite" timestamp="2025-07-28T13:01:09" tests="0" file="cypress/e2e/2-advanced-examples/cypress_api.cy.js" time="0.000" failures="0">
  </testsuite>
  <testsuite name="Cypress APIs" timestamp="2025-07-28T13:01:09" tests="0" time="0.000" failures="0">
  </testsuite>
  <testsuite name="Cypress.Commands" timestamp="2025-07-28T13:01:09" tests="1" time="1.646" failures="0">
    <testcase name="Cypress APIs Cypress.Commands .add() - create a custom command" time="0.243" classname=".add() - create a custom command">
    </testcase>
  </testsuite>
  <testsuite name="Cypress.Cookies" timestamp="2025-07-28T13:01:11" tests="1" time="0.153" failures="0">
    <testcase name="Cypress APIs Cypress.Cookies .debug() - enable or disable debugging" time="0.132" classname=".debug() - enable or disable debugging">
    </testcase>
  </testsuite>
  <testsuite name="Cypress.arch" timestamp="2025-07-28T13:01:11" tests="1" time="0.133" failures="0">
    <testcase name="Cypress APIs Cypress.arch Get CPU architecture name of underlying OS" time="0.111" classname="Get CPU architecture name of underlying OS">
    </testcase>
  </testsuite>
  <testsuite name="Cypress.config()" timestamp="2025-07-28T13:01:11" tests="1" time="0.141" failures="0">
    <testcase name="Cypress APIs Cypress.config() Get and set configuration options" time="0.121" classname="Get and set configuration options">
    </testcase>
  </testsuite>
  <testsuite name="Cypress.dom" timestamp="2025-07-28T13:01:11" tests="1" time="0.129" failures="0">
    <testcase name="Cypress APIs Cypress.dom .isHidden() - determine if a DOM element is hidden" time="0.109" classname=".isHidden() - determine if a DOM element is hidden">
    </testcase>
  </testsuite>
  <testsuite name="Cypress.env()" timestamp="2025-07-28T13:01:11" tests="1" time="0.124" failures="0">
    <testcase name="Cypress APIs Cypress.env() Get environment variables" time="0.105" classname="Get environment variables">
    </testcase>
  </testsuite>
  <testsuite name="Cypress.log" timestamp="2025-07-28T13:01:12" tests="1" time="0.117" failures="0">
    <testcase name="Cypress APIs Cypress.log Control what is printed to the Command Log" time="0.099" classname="Control what is printed to the Command Log">
    </testcase>
  </testsuite>
  <testsuite name="Cypress.platform" timestamp="2025-07-28T13:01:12" tests="1" time="0.119" failures="0">
    <testcase name="Cypress APIs Cypress.platform Get underlying OS name" time="0.098" classname="Get underlying OS name">
    </testcase>
  </testsuite>
  <testsuite name="Cypress.version" timestamp="2025-07-28T13:01:12" tests="1" time="0.121" failures="0">
    <testcase name="Cypress APIs Cypress.version Get current version of Cypress being run" time="0.099" classname="Get current version of Cypress being run">
    </testcase>
  </testsuite>
  <testsuite name="Cypress.spec" timestamp="2025-07-28T13:01:12" tests="1" time="0.143" failures="0">
    <testcase name="Cypress APIs Cypress.spec Get current spec information" time="0.108" classname="Get current spec information">
    </testcase>
  </testsuite>
</testsuites>